<?xml version="1.0" encoding="UTF-8"?>
<!-- Generated by org.testng.reporters.JUnitXMLReporter -->
<testsuite ignored="0" hostname="Swetha" failures="0" tests="4" name="Default test" time="81.886" errors="0" timestamp="2023-03-29T11:24:34 IST">
  <testcase classname="api.test.UserTests_FromProperties" name="testPostUser" time="66.886"/>
  <testcase classname="api.test.UserTests_FromProperties" name="testGetUser" time="2.846"/>
  <testcase classname="api.test.UserTests_FromProperties" name="testPutUser" time="4.688"/>
  <testcase classname="api.test.UserTests_FromProperties" name="testDeleteUser" time="2.999"/>
</testsuite> <!-- Default test -->
