<?xml version="1.0" encoding="UTF-8"?>
<!-- Generated by org.testng.reporters.JUnitXMLReporter -->
<testsuite ignored="0" hostname="MacBook-Pro-3.lan" failures="1" tests="4" name="Test" time="8.593" errors="0" timestamp="2024-10-23T22:13:41 IST">
  <testcase classname="api.test.Authorization" name="testRegisterApi" time="5.751"/>
  <testcase classname="api.test.Authorization" name="testGetOtpApi" time="0.806"/>
  <testcase classname="api.test.Authorization" name="testResendOtpApi" time="0.979"/>
  <testcase classname="api.test.Authorization" name="testGetBearerTokenApi" time="0.566">
    <failure type="java.lang.AssertionError" message="expected:&amp;lt;400&amp;gt; but was:&amp;lt;201&amp;gt;">
      <![CDATA[java.lang.AssertionError: expected:<400> but was:<201>
at api.test.Authorization.testGetBearerTokenApi(Authorization.java:101)
at java.base/java.util.ArrayList.forEach(ArrayList.java:1511)
... Removed 32 stack frames]]>
    </failure>
  </testcase> <!-- testGetBearerTokenApi -->
</testsuite> <!-- Test -->
