<?xml version="1.0" encoding="UTF-8"?>
<!-- Generated by org.testng.reporters.JUnitXMLReporter -->
<testsuite ignored="0" hostname="Swetha" failures="0" tests="4" name="Test" time="19.584" errors="0" timestamp="2023-03-28T21:27:59 IST">
  <testcase classname="api.test.UserTests" name="testPostUser" time="6.357"/>
  <testcase classname="api.test.UserTests" name="testGetUser" time="2.61"/>
  <testcase classname="api.test.UserTests" name="testPutUser" time="6.129"/>
  <testcase classname="api.test.UserTests" name="testDeleteUser" time="3.052"/>
</testsuite> <!-- Test -->
