<?xml version="1.0" encoding="UTF-8"?>
<!-- Generated by org.testng.reporters.JUnitXMLReporter -->
<testsuite ignored="0" hostname="Swetha" failures="0" tests="4" name="Test" time="14.02" errors="0" timestamp="2023-03-29T12:38:49 IST">
  <testcase classname="api.test.UserTests_FromProperties" name="testPostUser" time="5.389"/>
  <testcase classname="api.test.UserTests_FromProperties" name="testGetUser" time="1.807"/>
  <testcase classname="api.test.UserTests_FromProperties" name="testPutUser" time="4.477"/>
  <testcase classname="api.test.UserTests_FromProperties" name="testDeleteUser" time="1.93"/>
</testsuite> <!-- Test -->
