<?xml version="1.0" encoding="UTF-8"?>
<testsuite xmlns:xsi="http://www.w3.org/2001/XMLSchema-instance" xsi:noNamespaceSchemaLocation="https://maven.apache.org/surefire/maven-surefire-plugin/xsd/surefire-test-report-3.0.xsd" version="3.0" name="TestSuite" time="14.881" tests="4" errors="0" skipped="0" failures="0">
  <properties>
[...]
</properties>
  <testcase name="testPostUser" classname="api.test.UserTests_FromProperties" time="5.39">
    <system-out><![CDATA[HTTP/1.1 200 OK
Date: Wed, 29 Mar 2023 07:08:41 GMT
Content-Type: application/json
Transfer-Encoding: chunked
Connection: keep-alive
Access-Control-Allow-Origin: *
Access-Control-Allow-Methods: GET, POST, DELETE, PUT
Access-Control-Allow-Headers: Content-Type, api_key, Authorization
Server: Jetty(9.2.9.v20150224)

{
    "code": 200,
    "type": "unknown",
    "message": "101775274"
}
]]></system-out>
    <system-err><![CDATA[SLF4J: Failed to load class "org.slf4j.impl.StaticLoggerBinder".
SLF4J: Defaulting to no-operation (NOP) logger implementation
SLF4J: See http://www.slf4j.org/codes.html#StaticLoggerBinder for further details.
]]></system-err>
  </testcase>
  <testcase name="testGetUser" classname="api.test.UserTests_FromProperties" time="1.823">
    <system-out><![CDATA[HTTP/1.1 200 OK
Date: Wed, 29 Mar 2023 07:08:43 GMT
Content-Type: application/json
Transfer-Encoding: chunked
Connection: keep-alive
Access-Control-Allow-Origin: *
Access-Control-Allow-Methods: GET, POST, DELETE, PUT
Access-Control-Allow-Headers: Content-Type, api_key, Authorization
Server: Jetty(9.2.9.v20150224)

{
    "id": 101775274,
    "username": "esmeralda.ratke",
    "email": "donald.schowalter@hotmail.com",
    "password": "5uja18t8nm",
    "phone": "624-139-7456",
    "userStatus": 0
}
]]></system-out>
  </testcase>
  <testcase name="testPutUser" classname="api.test.UserTests_FromProperties" time="4.465">
    <system-out><![CDATA[{
    "code": 200,
    "type": "unknown",
    "message": "101775274"
}
]]></system-out>
  </testcase>
  <testcase name="testDeleteUser" classname="api.test.UserTests_FromProperties" time="1.925"/>
</testsuite>