<?xml version="1.0" encoding="UTF-8"?>
<testng-results ignored="0" total="4" passed="4" failed="0" skipped="0">
  <reporter-output>
  </reporter-output>
  <suite started-at="2023-03-29T12:38:35 IST" name="Suite" finished-at="2023-03-29T12:38:49 IST" duration-ms="14020">
    <groups>
    </groups>
    <test started-at="2023-03-29T12:38:35 IST" name="Test" finished-at="2023-03-29T12:38:49 IST" duration-ms="14020">
      <class name="api.test.UserTests_FromProperties">
        <test-method is-config="true" signature="setup()[pri:0, instance:api.test.UserTests_FromProperties@393671df]" started-at="2023-03-29T12:38:35 IST" name="setup" finished-at="2023-03-29T12:38:35 IST" duration-ms="349" status="PASS">
          <reporter-output>
          </reporter-output>
        </test-method> <!-- setup -->
        <test-method signature="testPostUser()[pri:1, instance:api.test.UserTests_FromProperties@393671df]" started-at="2023-03-29T12:38:35 IST" name="testPostUser" finished-at="2023-03-29T12:38:40 IST" duration-ms="5389" status="PASS">
          <reporter-output>
          </reporter-output>
        </test-method> <!-- testPostUser -->
        <test-method signature="testGetUser()[pri:2, instance:api.test.UserTests_FromProperties@393671df]" started-at="2023-03-29T12:38:40 IST" name="testGetUser" finished-at="2023-03-29T12:38:42 IST" duration-ms="1807" status="PASS">
          <reporter-output>
          </reporter-output>
        </test-method> <!-- testGetUser -->
        <test-method signature="testPutUser()[pri:3, instance:api.test.UserTests_FromProperties@393671df]" started-at="2023-03-29T12:38:42 IST" name="testPutUser" finished-at="2023-03-29T12:38:47 IST" duration-ms="4477" status="PASS">
          <reporter-output>
          </reporter-output>
        </test-method> <!-- testPutUser -->
        <test-method signature="testDeleteUser()[pri:4, instance:api.test.UserTests_FromProperties@393671df]" started-at="2023-03-29T12:38:47 IST" name="testDeleteUser" finished-at="2023-03-29T12:38:49 IST" duration-ms="1930" status="PASS">
          <reporter-output>
          </reporter-output>
        </test-method> <!-- testDeleteUser -->
      </class> <!-- api.test.UserTests_FromProperties -->
    </test> <!-- Test -->
  </suite> <!-- Suite -->
</testng-results>
