<?xml version="1.0" encoding="UTF-8"?>
<testng-results ignored="0" total="4" passed="4" failed="0" skipped="0">
  <reporter-output>
  </reporter-output>
  <suite started-at="2023-03-29T11:23:11 IST" name="Default suite" finished-at="2023-03-29T11:24:33 IST" duration-ms="81886">
    <groups>
    </groups>
    <test started-at="2023-03-29T11:23:11 IST" name="Default test" finished-at="2023-03-29T11:24:33 IST" duration-ms="81886">
      <class name="api.test.UserTests_FromProperties">
        <test-method is-config="true" signature="setup()[pri:0, instance:api.test.UserTests_FromProperties@223d2c72]" started-at="2023-03-29T11:23:12 IST" name="setup" finished-at="2023-03-29T11:23:16 IST" duration-ms="4083" status="PASS">
          <reporter-output>
          </reporter-output>
        </test-method> <!-- setup -->
        <test-method signature="testPostUser()[pri:1, instance:api.test.UserTests_FromProperties@223d2c72]" started-at="2023-03-29T11:23:16 IST" name="testPostUser" finished-at="2023-03-29T11:24:23 IST" duration-ms="66886" status="PASS">
          <reporter-output>
          </reporter-output>
        </test-method> <!-- testPostUser -->
        <test-method signature="testGetUser()[pri:2, instance:api.test.UserTests_FromProperties@223d2c72]" started-at="2023-03-29T11:24:23 IST" name="testGetUser" finished-at="2023-03-29T11:24:26 IST" duration-ms="2846" status="PASS">
          <reporter-output>
          </reporter-output>
        </test-method> <!-- testGetUser -->
        <test-method signature="testPutUser()[pri:3, instance:api.test.UserTests_FromProperties@223d2c72]" started-at="2023-03-29T11:24:26 IST" name="testPutUser" finished-at="2023-03-29T11:24:30 IST" duration-ms="4688" status="PASS">
          <reporter-output>
          </reporter-output>
        </test-method> <!-- testPutUser -->
        <test-method signature="testDeleteUser()[pri:4, instance:api.test.UserTests_FromProperties@223d2c72]" started-at="2023-03-29T11:24:30 IST" name="testDeleteUser" finished-at="2023-03-29T11:24:33 IST" duration-ms="2999" status="PASS">
          <reporter-output>
          </reporter-output>
        </test-method> <!-- testDeleteUser -->
      </class> <!-- api.test.UserTests_FromProperties -->
    </test> <!-- Default test -->
  </suite> <!-- Default suite -->
</testng-results>
