<?xml version="1.0" encoding="UTF-8"?>
<testng-results ignored="0" total="1" passed="1" failed="0" skipped="0">
  <reporter-output>
  </reporter-output>
  <suite started-at="2024-10-23T18:36:04 IST" name="Suite" finished-at="2024-10-23T18:36:08 IST" duration-ms="3958">
    <groups>
    </groups>
    <test started-at="2024-10-23T18:36:04 IST" name="Test" finished-at="2024-10-23T18:36:08 IST" duration-ms="3958">
      <class name="api.test.KGeN_Tests">
        <test-method is-config="true" signature="setup()[pri:0, instance:api.test.KGeN_Tests@70e9c95d]" started-at="2024-10-23T18:36:04 IST" name="setup" finished-at="2024-10-23T18:36:05 IST" duration-ms="113" status="PASS">
          <reporter-output>
          </reporter-output>
        </test-method> <!-- setup -->
        <test-method signature="testGetOtp()[pri:2, instance:api.test.KGeN_Tests@70e9c95d]" started-at="2024-10-23T18:36:05 IST" name="testGetOtp" finished-at="2024-10-23T18:36:08 IST" duration-ms="3773" status="PASS">
          <reporter-output>
          </reporter-output>
        </test-method> <!-- testGetOtp -->
      </class> <!-- api.test.KGeN_Tests -->
    </test> <!-- Test -->
  </suite> <!-- Suite -->
</testng-results>
